Copyright 1986-2022 Xilinx, Inc. All Rights Reserved. Copyright 2022-2025 Advanced Micro Devices, Inc. All Rights Reserved.
---------------------------------------------------------------------------------------------------------------------------------------------
| Tool Version : Vivado v.2025.1 (win64) Build 6140274 Thu May 22 00:12:29 MDT 2025
| Date         : Mon Apr 27 23:37:08 2026
| Host         : Veer-LOQ running 64-bit major release  (build 9200)
| Command      : report_control_sets -verbose -file top_cordic_ip_control_sets_placed.rpt
| Design       : top_cordic_ip
| Device       : xc7a35t
---------------------------------------------------------------------------------------------------------------------------------------------

Control Set Information

Table of Contents
-----------------
1. Summary
2. Histogram
3. Flip-Flop Distribution
4. Detailed Control Set Information

1. Summary
----------

+----------------------------------------------------------+-------+
|                          Status                          | Count |
+----------------------------------------------------------+-------+
| Total control sets                                       |     3 |
|    Minimum number of control sets                        |     3 |
|    Addition due to synthesis replication                 |     0 |
|    Addition due to physical synthesis replication        |     0 |
| Unused register locations in slices containing registers |     5 |
+----------------------------------------------------------+-------+
* Control sets can be merged at opt_design using control_set_merge or merge_equivalent_drivers
** Run report_qor_suggestions for automated merging and remapping suggestions


2. Histogram
------------

+--------------------+-------+
|       Fanout       | Count |
+--------------------+-------+
| Total control sets |     3 |
| >= 0 to < 4        |     0 |
| >= 4 to < 6        |     1 |
| >= 6 to < 8        |     0 |
| >= 8 to < 10       |     0 |
| >= 10 to < 12      |     0 |
| >= 12 to < 14      |     0 |
| >= 14 to < 16      |     0 |
| >= 16              |     2 |
+--------------------+-------+
* Control sets can be remapped at either synth_design or opt_design


3. Flip-Flop Distribution
-------------------------

+--------------+-----------------------+------------------------+-----------------+--------------+
| Clock Enable | Synchronous Set/Reset | Asynchronous Set/Reset | Total Registers | Total Slices |
+--------------+-----------------------+------------------------+-----------------+--------------+
| No           | No                    | No                     |            1063 |          271 |
| No           | No                    | Yes                    |               0 |            0 |
| No           | Yes                   | No                     |               4 |            1 |
| Yes          | No                    | No                     |              32 |           11 |
| Yes          | No                    | Yes                    |               0 |            0 |
| Yes          | Yes                   | No                     |               0 |            0 |
+--------------+-----------------------+------------------------+-----------------+--------------+


4. Detailed Control Set Information
-----------------------------------

+----------------+------------------------------------------------------------------------------+-------------------------------------------------------------------------------------------------------+------------------+----------------+--------------+
|  Clock Signal  |                                 Enable Signal                                |                                            Set/Reset Signal                                           | Slice Load Count | Bel Load Count | Bels / Slice |
+----------------+------------------------------------------------------------------------------+-------------------------------------------------------------------------------------------------------+------------------+----------------+--------------+
|  clk_IBUF_BUFG |                                                                              | IP/U0/i_synth/i_synth/gen_cordic.input_stage/gen_rotation.gen_rot_phase.gen_phase_int_dly/phase_cr_a1 |                1 |              4 |         4.00 |
|  clk_IBUF_BUFG | IP/U0/i_synth/i_synth/gen_cordic.output_stage/gen_rotation.gen_rdy_cr/rdy_cr |                                                                                                       |               11 |             32 |         2.91 |
|  clk_IBUF_BUFG |                                                                              |                                                                                                       |              271 |           1067 |         3.94 |
+----------------+------------------------------------------------------------------------------+-------------------------------------------------------------------------------------------------------+------------------+----------------+--------------+


