
*** Running vivado
    with args -log top_cordic_ip.vds -m64 -product Vivado -mode batch -messageDb vivado.pb -notrace -source top_cordic_ip.tcl



****** Vivado v2025.1 (64-bit)
  **** SW Build 6140274 on Thu May 22 00:12:29 MDT 2025
  **** IP Build 6138677 on Thu May 22 03:10:11 MDT 2025
  **** SharedData Build 6139179 on Tue May 20 17:58:58 MDT 2025
  **** Start of session at: Mon Apr 27 23:35:45 2026
    ** Copyright 1986-2022 Xilinx, Inc. All Rights Reserved.
    ** Copyright 2022-2025 Advanced Micro Devices, Inc. All Rights Reserved.

source top_cordic_ip.tcl -notrace
Command: read_checkpoint -auto_incremental -incremental {C:/Users/Darsh Veer Singh/Desktop/Local/vivado/cordic_ip/cordic_ip.srcs/utils_1/imports/synth_1/top_cordic_ip.dcp}
INFO: [Vivado 12-5825] Read reference checkpoint from C:/Users/Darsh Veer Singh/Desktop/Local/vivado/cordic_ip/cordic_ip.srcs/utils_1/imports/synth_1/top_cordic_ip.dcp for incremental synthesis
INFO: [Vivado 12-7989] Please ensure there are no constraint changes
Command: synth_design -top top_cordic_ip -part xc7a35tcpg236-1
Starting synth_design
Attempting to get a license for feature 'Synthesis' and/or device 'xc7a35t'
INFO: [Common 17-349] Got license for feature 'Synthesis' and/or device 'xc7a35t'
INFO: [Device 21-403] Loading part xc7a35tcpg236-1
INFO: [Synth 8-7079] Multithreading enabled for synth_design using a maximum of 2 processes.
INFO: [Synth 8-7078] Launching helper process for spawning children vivado processes
INFO: [Synth 8-7075] Helper process launched with PID 34356
---------------------------------------------------------------------------------
Starting RTL Elaboration : Time (s): cpu = 00:00:05 ; elapsed = 00:00:05 . Memory (MB): peak = 1203.145 ; gain = 492.938
---------------------------------------------------------------------------------
INFO: [Synth 8-6157] synthesizing module 'top_cordic_ip' [C:/Users/Darsh Veer Singh/Desktop/Local/vivado/cordic_ip/cordic_ip.srcs/sources_1/new/top_cordic_ip.v:3]
INFO: [Synth 8-6157] synthesizing module 'cordic_0' [C:/Users/Darsh Veer Singh/Desktop/Local/vivado/cordic_ip/cordic_ip.runs/synth_1/.Xil/Vivado-3472-Veer-LOQ/realtime/cordic_0_stub.v:6]
INFO: [Synth 8-6155] done synthesizing module 'cordic_0' (0#1) [C:/Users/Darsh Veer Singh/Desktop/Local/vivado/cordic_ip/cordic_ip.runs/synth_1/.Xil/Vivado-3472-Veer-LOQ/realtime/cordic_0_stub.v:6]
INFO: [Synth 8-6155] done synthesizing module 'top_cordic_ip' (0#1) [C:/Users/Darsh Veer Singh/Desktop/Local/vivado/cordic_ip/cordic_ip.srcs/sources_1/new/top_cordic_ip.v:3]
WARNING: [Synth 8-3917] design top_cordic_ip has port residual_angle[15] driven by constant 0
WARNING: [Synth 8-3917] design top_cordic_ip has port residual_angle[14] driven by constant 0
WARNING: [Synth 8-3917] design top_cordic_ip has port residual_angle[13] driven by constant 0
WARNING: [Synth 8-3917] design top_cordic_ip has port residual_angle[12] driven by constant 0
WARNING: [Synth 8-3917] design top_cordic_ip has port residual_angle[11] driven by constant 0
WARNING: [Synth 8-3917] design top_cordic_ip has port residual_angle[10] driven by constant 0
WARNING: [Synth 8-3917] design top_cordic_ip has port residual_angle[9] driven by constant 0
WARNING: [Synth 8-3917] design top_cordic_ip has port residual_angle[8] driven by constant 0
WARNING: [Synth 8-3917] design top_cordic_ip has port residual_angle[7] driven by constant 0
WARNING: [Synth 8-3917] design top_cordic_ip has port residual_angle[6] driven by constant 0
WARNING: [Synth 8-3917] design top_cordic_ip has port residual_angle[5] driven by constant 0
WARNING: [Synth 8-3917] design top_cordic_ip has port residual_angle[4] driven by constant 0
WARNING: [Synth 8-3917] design top_cordic_ip has port residual_angle[3] driven by constant 0
WARNING: [Synth 8-3917] design top_cordic_ip has port residual_angle[2] driven by constant 0
WARNING: [Synth 8-3917] design top_cordic_ip has port residual_angle[1] driven by constant 0
WARNING: [Synth 8-3917] design top_cordic_ip has port residual_angle[0] driven by constant 0
---------------------------------------------------------------------------------
Finished RTL Elaboration : Time (s): cpu = 00:00:06 ; elapsed = 00:00:06 . Memory (MB): peak = 1309.098 ; gain = 598.891
---------------------------------------------------------------------------------
---------------------------------------------------------------------------------
Start Handling Custom Attributes
---------------------------------------------------------------------------------
---------------------------------------------------------------------------------
Finished Handling Custom Attributes : Time (s): cpu = 00:00:06 ; elapsed = 00:00:07 . Memory (MB): peak = 1309.098 ; gain = 598.891
---------------------------------------------------------------------------------
---------------------------------------------------------------------------------
Finished RTL Optimization Phase 1 : Time (s): cpu = 00:00:06 ; elapsed = 00:00:07 . Memory (MB): peak = 1309.098 ; gain = 598.891
---------------------------------------------------------------------------------
Netlist sorting complete. Time (s): cpu = 00:00:00 ; elapsed = 00:00:00.001 . Memory (MB): peak = 1309.098 ; gain = 0.000
INFO: [Project 1-570] Preparing netlist for logic optimization

Processing XDC Constraints
Initializing timing engine
Parsing XDC File [c:/Users/Darsh Veer Singh/Desktop/Local/vivado/cordic_ip/cordic_ip.gen/sources_1/ip/cordic_0/cordic_0/cordic_0_in_context.xdc] for cell 'IP'
Finished Parsing XDC File [c:/Users/Darsh Veer Singh/Desktop/Local/vivado/cordic_ip/cordic_ip.gen/sources_1/ip/cordic_0/cordic_0/cordic_0_in_context.xdc] for cell 'IP'
Parsing XDC File [C:/Users/Darsh Veer Singh/Desktop/Local/vivado/cordic_ip/cordic_ip.srcs/constrs_1/new/Constraints.xdc]
Finished Parsing XDC File [C:/Users/Darsh Veer Singh/Desktop/Local/vivado/cordic_ip/cordic_ip.srcs/constrs_1/new/Constraints.xdc]
Completed Processing XDC Constraints

Netlist sorting complete. Time (s): cpu = 00:00:00 ; elapsed = 00:00:00 . Memory (MB): peak = 1309.098 ; gain = 0.000
INFO: [Project 1-111] Unisim Transformation Summary:
No Unisim elements were transformed.

Constraint Validation Runtime : Time (s): cpu = 00:00:00 ; elapsed = 00:00:00.007 . Memory (MB): peak = 1309.098 ; gain = 0.000
WARNING: [Timing 38-316] Clock period '1000.000' specified during out-of-context synthesis of instance 'IP' at clock pin 'aclk' is different from the actual clock period '11.111', this can lead to different synthesis results.
---------------------------------------------------------------------------------
Finished Constraint Validation : Time (s): cpu = 00:00:13 ; elapsed = 00:00:14 . Memory (MB): peak = 1309.098 ; gain = 598.891
---------------------------------------------------------------------------------
---------------------------------------------------------------------------------
Start Loading Part and Timing Information
---------------------------------------------------------------------------------
Loading part: xc7a35tcpg236-1
---------------------------------------------------------------------------------
Finished Loading Part and Timing Information : Time (s): cpu = 00:00:13 ; elapsed = 00:00:14 . Memory (MB): peak = 1309.098 ; gain = 598.891
---------------------------------------------------------------------------------
---------------------------------------------------------------------------------
Start Applying 'set_property' XDC Constraints
---------------------------------------------------------------------------------
---------------------------------------------------------------------------------
Finished applying 'set_property' XDC Constraints : Time (s): cpu = 00:00:13 ; elapsed = 00:00:14 . Memory (MB): peak = 1309.098 ; gain = 598.891
---------------------------------------------------------------------------------
---------------------------------------------------------------------------------
Start Preparing Guide Design
---------------------------------------------------------------------------------
CRITICAL WARNING: [Synth 8-6895] The reference checkpoint C:/Users/Darsh Veer Singh/Desktop/Local/vivado/cordic_ip/cordic_ip.srcs/utils_1/imports/synth_1/top_cordic_ip.dcp is not suitable for use with incremental synthesis for this design. Please regenerate the checkpoint for this design with -incremental_synth switch in the same Vivado session that synth_design has been run. Synthesis will continue with the default flow
---------------------------------------------------------------------------------
Finished Doing Graph Differ : Time (s): cpu = 00:00:13 ; elapsed = 00:00:14 . Memory (MB): peak = 1309.098 ; gain = 598.891
---------------------------------------------------------------------------------
---------------------------------------------------------------------------------
Finished Preparing Guide Design : Time (s): cpu = 00:00:13 ; elapsed = 00:00:14 . Memory (MB): peak = 1309.098 ; gain = 598.891
---------------------------------------------------------------------------------
---------------------------------------------------------------------------------
Finished RTL Optimization Phase 2 : Time (s): cpu = 00:00:14 ; elapsed = 00:00:14 . Memory (MB): peak = 1309.098 ; gain = 598.891
---------------------------------------------------------------------------------


Incremental Synthesis Report Summary:

1. Incremental synthesis run: no

   Reason for not running incremental synthesis : 


INFO: [Synth 8-7130] Flow is switching to default flow due to incremental criteria not met. If you would like to alter this behaviour and have the flow terminate instead, please set the following parameter config_implementation {autoIncr.Synth.RejectBehavior Terminate}
---------------------------------------------------------------------------------
Start RTL Component Statistics 
---------------------------------------------------------------------------------
Detailed RTL Component Info : 
+---Registers : 
	                1 Bit    Registers := 1     
---------------------------------------------------------------------------------
Finished RTL Component Statistics 
---------------------------------------------------------------------------------
---------------------------------------------------------------------------------
Start Part Resource Summary
---------------------------------------------------------------------------------
Part Resources:
DSPs: 90 (col length:60)
BRAMs: 100 (col length: RAMB18 60 RAMB36 30)
---------------------------------------------------------------------------------
Finished Part Resource Summary
---------------------------------------------------------------------------------
---------------------------------------------------------------------------------
Start Cross Boundary and Area Optimization
---------------------------------------------------------------------------------
WARNING: [Synth 8-7080] Parallel synthesis criteria is not met
DSP Report: Generating DSP phase_ip0, operation Mode is: A*(B:0x8f).
DSP Report: operator phase_ip0 is absorbed into DSP phase_ip0.
WARNING: [Synth 8-3917] design top_cordic_ip has port residual_angle[15] driven by constant 0
WARNING: [Synth 8-3917] design top_cordic_ip has port residual_angle[14] driven by constant 0
WARNING: [Synth 8-3917] design top_cordic_ip has port residual_angle[13] driven by constant 0
WARNING: [Synth 8-3917] design top_cordic_ip has port residual_angle[12] driven by constant 0
WARNING: [Synth 8-3917] design top_cordic_ip has port residual_angle[11] driven by constant 0
WARNING: [Synth 8-3917] design top_cordic_ip has port residual_angle[10] driven by constant 0
WARNING: [Synth 8-3917] design top_cordic_ip has port residual_angle[9] driven by constant 0
WARNING: [Synth 8-3917] design top_cordic_ip has port residual_angle[8] driven by constant 0
WARNING: [Synth 8-3917] design top_cordic_ip has port residual_angle[7] driven by constant 0
WARNING: [Synth 8-3917] design top_cordic_ip has port residual_angle[6] driven by constant 0
WARNING: [Synth 8-3917] design top_cordic_ip has port residual_angle[5] driven by constant 0
WARNING: [Synth 8-3917] design top_cordic_ip has port residual_angle[4] driven by constant 0
WARNING: [Synth 8-3917] design top_cordic_ip has port residual_angle[3] driven by constant 0
WARNING: [Synth 8-3917] design top_cordic_ip has port residual_angle[2] driven by constant 0
WARNING: [Synth 8-3917] design top_cordic_ip has port residual_angle[1] driven by constant 0
WARNING: [Synth 8-3917] design top_cordic_ip has port residual_angle[0] driven by constant 0
---------------------------------------------------------------------------------
Finished Cross Boundary and Area Optimization : Time (s): cpu = 00:00:15 ; elapsed = 00:00:16 . Memory (MB): peak = 1341.258 ; gain = 631.051
---------------------------------------------------------------------------------
 Sort Area is  phase_ip0_0 : 0 0 : 352 352 : Used 1 time 0
---------------------------------------------------------------------------------
Start ROM, RAM, DSP, Shift Register and Retiming Reporting
---------------------------------------------------------------------------------

DSP: Preliminary Mapping Report (see note below. The ' indicates corresponding REG is set)
+--------------+-------------+--------+--------+--------+--------+--------+------+------+------+------+-------+------+------+
|Module Name   | DSP Mapping | A Size | B Size | C Size | D Size | P Size | AREG | BREG | CREG | DREG | ADREG | MREG | PREG | 
+--------------+-------------+--------+--------+--------+--------+--------+------+------+------+------+-------+------+------+
|top_cordic_ip | A*(B:0x8f)  | 19     | 8      | -      | -      | 27     | 0    | 0    | -    | -    | -     | 0    | 0    | 
+--------------+-------------+--------+--------+--------+--------+--------+------+------+------+------+-------+------+------+

Note: The table above is a preliminary report that shows the DSPs inferred at the current stage of the synthesis flow. Some DSP may be reimplemented as non DSP primitives later in the synthesis flow. Multiple instantiated DSPs are reported only once.
---------------------------------------------------------------------------------
Finished ROM, RAM, DSP, Shift Register and Retiming Reporting
---------------------------------------------------------------------------------
---------------------------------------------------------------------------------
Start Applying XDC Timing Constraints
---------------------------------------------------------------------------------
---------------------------------------------------------------------------------
Finished Applying XDC Timing Constraints : Time (s): cpu = 00:00:23 ; elapsed = 00:00:24 . Memory (MB): peak = 1555.828 ; gain = 845.621
---------------------------------------------------------------------------------
---------------------------------------------------------------------------------
Start Timing Optimization
---------------------------------------------------------------------------------
---------------------------------------------------------------------------------
Finished Timing Optimization : Time (s): cpu = 00:00:23 ; elapsed = 00:00:24 . Memory (MB): peak = 1555.902 ; gain = 845.695
---------------------------------------------------------------------------------
---------------------------------------------------------------------------------
Start Technology Mapping
---------------------------------------------------------------------------------
---------------------------------------------------------------------------------
Finished Technology Mapping : Time (s): cpu = 00:00:23 ; elapsed = 00:00:24 . Memory (MB): peak = 1565.660 ; gain = 855.453
---------------------------------------------------------------------------------
---------------------------------------------------------------------------------
Start IO Insertion
---------------------------------------------------------------------------------
---------------------------------------------------------------------------------
Start Flattening Before IO Insertion
---------------------------------------------------------------------------------
---------------------------------------------------------------------------------
Finished Flattening Before IO Insertion
---------------------------------------------------------------------------------
---------------------------------------------------------------------------------
Start Final Netlist Cleanup
---------------------------------------------------------------------------------
---------------------------------------------------------------------------------
Finished Final Netlist Cleanup
---------------------------------------------------------------------------------
---------------------------------------------------------------------------------
Finished IO Insertion : Time (s): cpu = 00:00:27 ; elapsed = 00:00:28 . Memory (MB): peak = 1799.582 ; gain = 1089.375
---------------------------------------------------------------------------------
---------------------------------------------------------------------------------
Start Renaming Generated Instances
---------------------------------------------------------------------------------
---------------------------------------------------------------------------------
Finished Renaming Generated Instances : Time (s): cpu = 00:00:27 ; elapsed = 00:00:28 . Memory (MB): peak = 1799.582 ; gain = 1089.375
---------------------------------------------------------------------------------
---------------------------------------------------------------------------------
Start Rebuilding User Hierarchy
---------------------------------------------------------------------------------
---------------------------------------------------------------------------------
Finished Rebuilding User Hierarchy : Time (s): cpu = 00:00:27 ; elapsed = 00:00:28 . Memory (MB): peak = 1799.582 ; gain = 1089.375
---------------------------------------------------------------------------------
---------------------------------------------------------------------------------
Start Renaming Generated Ports
---------------------------------------------------------------------------------
---------------------------------------------------------------------------------
Finished Renaming Generated Ports : Time (s): cpu = 00:00:27 ; elapsed = 00:00:28 . Memory (MB): peak = 1799.582 ; gain = 1089.375
---------------------------------------------------------------------------------
---------------------------------------------------------------------------------
Start Handling Custom Attributes
---------------------------------------------------------------------------------
---------------------------------------------------------------------------------
Finished Handling Custom Attributes : Time (s): cpu = 00:00:27 ; elapsed = 00:00:28 . Memory (MB): peak = 1799.582 ; gain = 1089.375
---------------------------------------------------------------------------------
---------------------------------------------------------------------------------
Start Renaming Generated Nets
---------------------------------------------------------------------------------
---------------------------------------------------------------------------------
Finished Renaming Generated Nets : Time (s): cpu = 00:00:27 ; elapsed = 00:00:28 . Memory (MB): peak = 1799.582 ; gain = 1089.375
---------------------------------------------------------------------------------
---------------------------------------------------------------------------------
Start Writing Synthesis Report
---------------------------------------------------------------------------------

DSP Final Report (the ' indicates corresponding REG is set)
+--------------+-------------+--------+--------+--------+--------+--------+------+------+------+------+-------+------+------+
|Module Name   | DSP Mapping | A Size | B Size | C Size | D Size | P Size | AREG | BREG | CREG | DREG | ADREG | MREG | PREG | 
+--------------+-------------+--------+--------+--------+--------+--------+------+------+------+------+-------+------+------+
|top_cordic_ip | A*B         | 19     | 8      | -      | -      | 27     | 0    | 0    | -    | -    | -     | 0    | 0    | 
+--------------+-------------+--------+--------+--------+--------+--------+------+------+------+------+-------+------+------+


Report BlackBoxes: 
+------+--------------+----------+
|      |BlackBox name |Instances |
+------+--------------+----------+
|1     |cordic_0      |         1|
+------+--------------+----------+

Report Cell Usage: 
+------+--------+------+
|      |Cell    |Count |
+------+--------+------+
|1     |cordic  |     1|
|2     |BUFG    |     1|
|3     |DSP48E1 |     1|
|4     |FDRE    |     1|
|5     |IBUF    |    52|
|6     |OBUF    |    48|
+------+--------+------+
---------------------------------------------------------------------------------
Finished Writing Synthesis Report : Time (s): cpu = 00:00:27 ; elapsed = 00:00:28 . Memory (MB): peak = 1799.582 ; gain = 1089.375
---------------------------------------------------------------------------------
Synthesis finished with 0 errors, 1 critical warnings and 17 warnings.
Synthesis Optimization Runtime : Time (s): cpu = 00:00:19 ; elapsed = 00:00:26 . Memory (MB): peak = 1799.582 ; gain = 1089.375
Synthesis Optimization Complete : Time (s): cpu = 00:00:27 ; elapsed = 00:00:28 . Memory (MB): peak = 1799.582 ; gain = 1089.375
INFO: [Project 1-571] Translating synthesized netlist
Netlist sorting complete. Time (s): cpu = 00:00:00 ; elapsed = 00:00:00.002 . Memory (MB): peak = 1806.305 ; gain = 0.000
INFO: [Netlist 29-17] Analyzing 1 Unisim elements for replacement
INFO: [Netlist 29-28] Unisim Transformation completed in 0 CPU seconds
INFO: [Project 1-570] Preparing netlist for logic optimization
INFO: [Opt 31-138] Pushed 0 inverter(s) to 0 load pin(s).
Netlist sorting complete. Time (s): cpu = 00:00:00 ; elapsed = 00:00:00 . Memory (MB): peak = 1809.816 ; gain = 0.000
INFO: [Project 1-111] Unisim Transformation Summary:
No Unisim elements were transformed.

Synth Design complete | Checksum: 7c39cb7d
INFO: [Common 17-83] Releasing license: Synthesis
21 Infos, 34 Warnings, 1 Critical Warnings and 0 Errors encountered.
synth_design completed successfully
INFO: [Common 17-600] The following parameters have non-default value.
tcl.statsThreshold
INFO: [runtcl-6] Synthesis results are not added to the cache due to CRITICAL_WARNING
Write ShapeDB Complete: Time (s): cpu = 00:00:00 ; elapsed = 00:00:00.002 . Memory (MB): peak = 1809.816 ; gain = 0.000
INFO: [Common 17-1381] The checkpoint 'C:/Users/Darsh Veer Singh/Desktop/Local/vivado/cordic_ip/cordic_ip.runs/synth_1/top_cordic_ip.dcp' has been generated.
INFO: [Vivado 12-24828] Executing command : report_utilization -file top_cordic_ip_utilization_synth.rpt -pb top_cordic_ip_utilization_synth.pb
INFO: [Common 17-206] Exiting Vivado at Mon Apr 27 23:36:30 2026...
